0 info it worked if it ends with ok
1 verbose cli [ 'C:\\Program Files\\nodejs\\node.exe',
1 verbose cli   'C:\\Program Files\\nodejs\\node_modules\\npm\\bin\\npm-cli.js',
1 verbose cli   'install',
1 verbose cli   'rpio' ]
2 info using npm@4.1.2
3 info using node@v7.6.0
4 silly loadCurrentTree Starting
5 silly install loadCurrentTree
6 silly install readLocalPackageData
7 silly fetchPackageMetaData rpio
8 silly fetchNamedPackageData rpio
9 silly mapToRegistry name rpio
10 silly mapToRegistry using default registry
11 silly mapToRegistry registry https://registry.npmjs.org/
12 silly mapToRegistry data Result {
12 silly mapToRegistry   raw: 'rpio',
12 silly mapToRegistry   scope: null,
12 silly mapToRegistry   escapedName: 'rpio',
12 silly mapToRegistry   name: 'rpio',
12 silly mapToRegistry   rawSpec: '',
12 silly mapToRegistry   spec: 'latest',
12 silly mapToRegistry   type: 'tag' }
13 silly mapToRegistry uri https://registry.npmjs.org/rpio
14 verbose request uri https://registry.npmjs.org/rpio
15 verbose request no auth needed
16 info attempt registry request try #1 at 12:18:48 AM
17 verbose request id be1832dcc3b0c0cf
18 http request GET https://registry.npmjs.org/rpio
19 http 200 https://registry.npmjs.org/rpio
20 verbose headers { server: 'nginx/1.10.1',
20 verbose headers   'content-type': 'application/json',
20 verbose headers   'last-modified': 'Sat, 07 Oct 2017 07:11:31 GMT',
20 verbose headers   etag: 'W/"59d87e23-1a26e"',
20 verbose headers   'content-encoding': 'gzip',
20 verbose headers   'cache-control': 'max-age=300',
20 verbose headers   'content-length': '17974',
20 verbose headers   'accept-ranges': 'bytes',
20 verbose headers   date: 'Fri, 20 Oct 2017 04:18:46 GMT',
20 verbose headers   via: '1.1 varnish',
20 verbose headers   age: '0',
20 verbose headers   connection: 'keep-alive',
20 verbose headers   'x-served-by': 'cache-ewr18125-EWR',
20 verbose headers   'x-cache': 'MISS',
20 verbose headers   'x-cache-hits': '0',
20 verbose headers   'x-timer': 'S1508473126.199711,VS0,VE75',
20 verbose headers   vary: 'Accept-Encoding, Accept' }
21 silly get cb [ 200,
21 silly get   { server: 'nginx/1.10.1',
21 silly get     'content-type': 'application/json',
21 silly get     'last-modified': 'Sat, 07 Oct 2017 07:11:31 GMT',
21 silly get     etag: 'W/"59d87e23-1a26e"',
21 silly get     'content-encoding': 'gzip',
21 silly get     'cache-control': 'max-age=300',
21 silly get     'content-length': '17974',
21 silly get     'accept-ranges': 'bytes',
21 silly get     date: 'Fri, 20 Oct 2017 04:18:46 GMT',
21 silly get     via: '1.1 varnish',
21 silly get     age: '0',
21 silly get     connection: 'keep-alive',
21 silly get     'x-served-by': 'cache-ewr18125-EWR',
21 silly get     'x-cache': 'MISS',
21 silly get     'x-cache-hits': '0',
21 silly get     'x-timer': 'S1508473126.199711,VS0,VE75',
21 silly get     vary: 'Accept-Encoding, Accept' } ]
22 verbose get saving rpio to C:\Users\IKAP\AppData\Roaming\npm-cache\registry.npmjs.org\rpio\.cache.json
23 verbose correctMkdir C:\Users\IKAP\AppData\Roaming\npm-cache correctMkdir not in flight; initializing
24 silly install normalizeTree
25 silly loadCurrentTree Finishing
26 silly loadIdealTree Starting
27 silly install loadIdealTree
28 silly cloneCurrentTree Starting
29 silly install cloneCurrentTreeToIdealTree
30 silly cloneCurrentTree Finishing
31 silly loadShrinkwrap Starting
32 silly install loadShrinkwrap
33 silly loadShrinkwrap Finishing
34 silly loadAllDepsIntoIdealTree Starting
35 silly install loadAllDepsIntoIdealTree
36 silly resolveWithNewModule rpio@0.9.19 checking installable status
37 silly cache add args [ 'rpio', null ]
38 verbose cache add spec rpio
39 silly cache add parsed spec Result {
39 silly cache add   raw: 'rpio',
39 silly cache add   scope: null,
39 silly cache add   escapedName: 'rpio',
39 silly cache add   name: 'rpio',
39 silly cache add   rawSpec: '',
39 silly cache add   spec: 'latest',
39 silly cache add   type: 'tag' }
40 silly addNamed rpio@latest
41 verbose addNamed "latest" is being treated as a dist-tag for rpio
42 info addNameTag [ 'rpio', 'latest' ]
43 silly mapToRegistry name rpio
44 silly mapToRegistry using default registry
45 silly mapToRegistry registry https://registry.npmjs.org/
46 silly mapToRegistry data Result {
46 silly mapToRegistry   raw: 'rpio',
46 silly mapToRegistry   scope: null,
46 silly mapToRegistry   escapedName: 'rpio',
46 silly mapToRegistry   name: 'rpio',
46 silly mapToRegistry   rawSpec: '',
46 silly mapToRegistry   spec: 'latest',
46 silly mapToRegistry   type: 'tag' }
47 silly mapToRegistry uri https://registry.npmjs.org/rpio
48 verbose addNameTag registry:https://registry.npmjs.org/rpio not in flight; fetching
49 verbose get https://registry.npmjs.org/rpio not expired, no request
50 silly addNameTag next cb for rpio with tag latest
51 silly addNamed rpio@0.9.19
52 verbose addNamed "0.9.19" is a plain semver version for rpio
53 silly mapToRegistry name rpio
54 silly mapToRegistry using default registry
55 silly mapToRegistry registry https://registry.npmjs.org/
56 silly mapToRegistry data Result {
56 silly mapToRegistry   raw: 'rpio',
56 silly mapToRegistry   scope: null,
56 silly mapToRegistry   escapedName: 'rpio',
56 silly mapToRegistry   name: 'rpio',
56 silly mapToRegistry   rawSpec: '',
56 silly mapToRegistry   spec: 'latest',
56 silly mapToRegistry   type: 'tag' }
57 silly mapToRegistry uri https://registry.npmjs.org/rpio
58 verbose addRemoteTarball https://registry.npmjs.org/rpio/-/rpio-0.9.19.tgz not in flight; adding
59 verbose addRemoteTarball [ 'https://registry.npmjs.org/rpio/-/rpio-0.9.19.tgz',
59 verbose addRemoteTarball   '171b6c0a5555b9eaead317792edd873168a5d8dc' ]
60 info retry fetch attempt 1 at 12:18:48 AM
61 info attempt registry request try #1 at 12:18:48 AM
62 http fetch GET https://registry.npmjs.org/rpio/-/rpio-0.9.19.tgz
63 http fetch 200 https://registry.npmjs.org/rpio/-/rpio-0.9.19.tgz
64 silly fetchAndShaCheck shasum 171b6c0a5555b9eaead317792edd873168a5d8dc
65 verbose addTmpTarball C:\Users\IKAP\AppData\Local\Temp\npm-5792-63559a17\registry.npmjs.org\rpio\-\rpio-0.9.19.tgz not in flight; adding
66 verbose addTmpTarball already have metadata; skipping unpack for rpio@0.9.19
67 verbose correctMkdir C:\Users\IKAP\AppData\Roaming\npm-cache correctMkdir not in flight; initializing
68 silly cache afterAdd rpio@0.9.19
69 verbose afterAdd C:\Users\IKAP\AppData\Roaming\npm-cache\rpio\0.9.19\package\package.json not in flight; writing
70 verbose correctMkdir C:\Users\IKAP\AppData\Roaming\npm-cache correctMkdir not in flight; initializing
71 verbose afterAdd C:\Users\IKAP\AppData\Roaming\npm-cache\rpio\0.9.19\package\package.json written
72 silly fetchNamedPackageData bindings
73 silly mapToRegistry name bindings
74 silly mapToRegistry using default registry
75 silly mapToRegistry registry https://registry.npmjs.org/
76 silly mapToRegistry data Result {
76 silly mapToRegistry   raw: 'bindings',
76 silly mapToRegistry   scope: null,
76 silly mapToRegistry   escapedName: 'bindings',
76 silly mapToRegistry   name: 'bindings',
76 silly mapToRegistry   rawSpec: '',
76 silly mapToRegistry   spec: 'latest',
76 silly mapToRegistry   type: 'tag' }
77 silly mapToRegistry uri https://registry.npmjs.org/bindings
78 silly fetchNamedPackageData nan
79 silly mapToRegistry name nan
80 silly mapToRegistry using default registry
81 silly mapToRegistry registry https://registry.npmjs.org/
82 silly mapToRegistry data Result {
82 silly mapToRegistry   raw: 'nan',
82 silly mapToRegistry   scope: null,
82 silly mapToRegistry   escapedName: 'nan',
82 silly mapToRegistry   name: 'nan',
82 silly mapToRegistry   rawSpec: '',
82 silly mapToRegistry   spec: 'latest',
82 silly mapToRegistry   type: 'tag' }
83 silly mapToRegistry uri https://registry.npmjs.org/nan
84 verbose request uri https://registry.npmjs.org/bindings
85 verbose request no auth needed
86 info attempt registry request try #1 at 12:18:48 AM
87 http request GET https://registry.npmjs.org/bindings
88 verbose request uri https://registry.npmjs.org/nan
89 verbose request no auth needed
90 info attempt registry request try #1 at 12:18:48 AM
91 verbose etag W/"58a44b6b-1df62"
92 verbose lastModified Wed, 15 Feb 2017 12:36:59 GMT
93 http request GET https://registry.npmjs.org/nan
94 http 200 https://registry.npmjs.org/bindings
95 verbose headers { server: 'nginx/1.10.1',
95 verbose headers   'content-type': 'application/json',
95 verbose headers   'last-modified': 'Fri, 08 Sep 2017 12:19:32 GMT',
95 verbose headers   etag: 'W/"59b28ad4-4c18"',
95 verbose headers   'content-encoding': 'gzip',
95 verbose headers   'cache-control': 'max-age=300',
95 verbose headers   'content-length': '3855',
95 verbose headers   'accept-ranges': 'bytes',
95 verbose headers   date: 'Fri, 20 Oct 2017 04:18:46 GMT',
95 verbose headers   via: '1.1 varnish',
95 verbose headers   age: '88',
95 verbose headers   connection: 'keep-alive',
95 verbose headers   'x-served-by': 'cache-ewr18125-EWR',
95 verbose headers   'x-cache': 'HIT',
95 verbose headers   'x-cache-hits': '2',
95 verbose headers   'x-timer': 'S1508473126.462577,VS0,VE0',
95 verbose headers   vary: 'Accept-Encoding, Accept' }
96 silly get cb [ 200,
96 silly get   { server: 'nginx/1.10.1',
96 silly get     'content-type': 'application/json',
96 silly get     'last-modified': 'Fri, 08 Sep 2017 12:19:32 GMT',
96 silly get     etag: 'W/"59b28ad4-4c18"',
96 silly get     'content-encoding': 'gzip',
96 silly get     'cache-control': 'max-age=300',
96 silly get     'content-length': '3855',
96 silly get     'accept-ranges': 'bytes',
96 silly get     date: 'Fri, 20 Oct 2017 04:18:46 GMT',
96 silly get     via: '1.1 varnish',
96 silly get     age: '88',
96 silly get     connection: 'keep-alive',
96 silly get     'x-served-by': 'cache-ewr18125-EWR',
96 silly get     'x-cache': 'HIT',
96 silly get     'x-cache-hits': '2',
96 silly get     'x-timer': 'S1508473126.462577,VS0,VE0',
96 silly get     vary: 'Accept-Encoding, Accept' } ]
97 verbose get saving bindings to C:\Users\IKAP\AppData\Roaming\npm-cache\registry.npmjs.org\bindings\.cache.json
98 verbose correctMkdir C:\Users\IKAP\AppData\Roaming\npm-cache correctMkdir not in flight; initializing
99 silly pickManifestFromRegistryMetadata spec * tag latest versions [ '0.0.1',
99 silly pickManifestFromRegistryMetadata   '0.1.0',
99 silly pickManifestFromRegistryMetadata   '0.1.1',
99 silly pickManifestFromRegistryMetadata   '0.2.0',
99 silly pickManifestFromRegistryMetadata   '0.2.1',
99 silly pickManifestFromRegistryMetadata   '0.2.2',
99 silly pickManifestFromRegistryMetadata   '0.2.3',
99 silly pickManifestFromRegistryMetadata   '0.2.4',
99 silly pickManifestFromRegistryMetadata   '0.3.0',
99 silly pickManifestFromRegistryMetadata   '0.4.0',
99 silly pickManifestFromRegistryMetadata   '1.0.0',
99 silly pickManifestFromRegistryMetadata   '1.1.0',
99 silly pickManifestFromRegistryMetadata   '1.1.1',
99 silly pickManifestFromRegistryMetadata   '1.2.0',
99 silly pickManifestFromRegistryMetadata   '1.2.1',
99 silly pickManifestFromRegistryMetadata   '1.3.0' ]
100 silly resolveWithNewModule bindings@1.3.0 checking installable status
101 silly cache add args [ 'bindings@*', null ]
102 verbose cache add spec bindings@*
103 silly cache add parsed spec Result {
103 silly cache add   raw: 'bindings@*',
103 silly cache add   scope: null,
103 silly cache add   escapedName: 'bindings',
103 silly cache add   name: 'bindings',
103 silly cache add   rawSpec: '*',
103 silly cache add   spec: '*',
103 silly cache add   type: 'range' }
104 silly addNamed bindings@*
105 verbose addNamed "*" is a valid semver range for bindings
106 silly addNameRange { name: 'bindings', range: '*', hasData: false }
107 silly mapToRegistry name bindings
108 silly mapToRegistry using default registry
109 silly mapToRegistry registry https://registry.npmjs.org/
110 silly mapToRegistry data Result {
110 silly mapToRegistry   raw: 'bindings',
110 silly mapToRegistry   scope: null,
110 silly mapToRegistry   escapedName: 'bindings',
110 silly mapToRegistry   name: 'bindings',
110 silly mapToRegistry   rawSpec: '',
110 silly mapToRegistry   spec: 'latest',
110 silly mapToRegistry   type: 'tag' }
111 silly mapToRegistry uri https://registry.npmjs.org/bindings
112 verbose addNameRange registry:https://registry.npmjs.org/bindings not in flight; fetching
113 verbose get https://registry.npmjs.org/bindings not expired, no request
114 silly addNameRange number 2 { name: 'bindings', range: '*', hasData: true }
115 silly addNameRange versions [ 'bindings',
115 silly addNameRange   [ '0.0.1',
115 silly addNameRange     '0.1.0',
115 silly addNameRange     '0.1.1',
115 silly addNameRange     '0.2.0',
115 silly addNameRange     '0.2.1',
115 silly addNameRange     '0.2.2',
115 silly addNameRange     '0.2.3',
115 silly addNameRange     '0.2.4',
115 silly addNameRange     '0.3.0',
115 silly addNameRange     '0.4.0',
115 silly addNameRange     '1.0.0',
115 silly addNameRange     '1.1.0',
115 silly addNameRange     '1.1.1',
115 silly addNameRange     '1.2.0',
115 silly addNameRange     '1.2.1',
115 silly addNameRange     '1.3.0' ] ]
116 silly pickManifestFromRegistryMetadata spec * tag latest versions [ '0.0.1',
116 silly pickManifestFromRegistryMetadata   '0.1.0',
116 silly pickManifestFromRegistryMetadata   '0.1.1',
116 silly pickManifestFromRegistryMetadata   '0.2.0',
116 silly pickManifestFromRegistryMetadata   '0.2.1',
116 silly pickManifestFromRegistryMetadata   '0.2.2',
116 silly pickManifestFromRegistryMetadata   '0.2.3',
116 silly pickManifestFromRegistryMetadata   '0.2.4',
116 silly pickManifestFromRegistryMetadata   '0.3.0',
116 silly pickManifestFromRegistryMetadata   '0.4.0',
116 silly pickManifestFromRegistryMetadata   '1.0.0',
116 silly pickManifestFromRegistryMetadata   '1.1.0',
116 silly pickManifestFromRegistryMetadata   '1.1.1',
116 silly pickManifestFromRegistryMetadata   '1.2.0',
116 silly pickManifestFromRegistryMetadata   '1.2.1',
116 silly pickManifestFromRegistryMetadata   '1.3.0' ]
117 silly addNamed bindings@latest
118 verbose addNamed "latest" is being treated as a dist-tag for bindings
119 info addNameTag [ 'bindings', 'latest' ]
120 silly mapToRegistry name bindings
121 silly mapToRegistry using default registry
122 silly mapToRegistry registry https://registry.npmjs.org/
123 silly mapToRegistry data Result {
123 silly mapToRegistry   raw: 'bindings',
123 silly mapToRegistry   scope: null,
123 silly mapToRegistry   escapedName: 'bindings',
123 silly mapToRegistry   name: 'bindings',
123 silly mapToRegistry   rawSpec: '',
123 silly mapToRegistry   spec: 'latest',
123 silly mapToRegistry   type: 'tag' }
124 silly mapToRegistry uri https://registry.npmjs.org/bindings
125 verbose addNameTag registry:https://registry.npmjs.org/bindings already in flight; waiting
126 silly addNameTag next cb for bindings with tag latest
127 silly addNamed bindings@1.3.0
128 verbose addNamed "1.3.0" is a plain semver version for bindings
129 silly mapToRegistry name bindings
130 silly mapToRegistry using default registry
131 silly mapToRegistry registry https://registry.npmjs.org/
132 silly mapToRegistry data Result {
132 silly mapToRegistry   raw: 'bindings',
132 silly mapToRegistry   scope: null,
132 silly mapToRegistry   escapedName: 'bindings',
132 silly mapToRegistry   name: 'bindings',
132 silly mapToRegistry   rawSpec: '',
132 silly mapToRegistry   spec: 'latest',
132 silly mapToRegistry   type: 'tag' }
133 silly mapToRegistry uri https://registry.npmjs.org/bindings
134 verbose addRemoteTarball https://registry.npmjs.org/bindings/-/bindings-1.3.0.tgz not in flight; adding
135 verbose addRemoteTarball [ 'https://registry.npmjs.org/bindings/-/bindings-1.3.0.tgz',
135 verbose addRemoteTarball   'b346f6ecf6a95f5a815c5839fc7cdb22502f1ed7' ]
136 info retry fetch attempt 1 at 12:18:48 AM
137 info attempt registry request try #1 at 12:18:48 AM
138 http fetch GET https://registry.npmjs.org/bindings/-/bindings-1.3.0.tgz
139 http fetch 200 https://registry.npmjs.org/bindings/-/bindings-1.3.0.tgz
140 silly fetchAndShaCheck shasum b346f6ecf6a95f5a815c5839fc7cdb22502f1ed7
141 verbose addTmpTarball C:\Users\IKAP\AppData\Local\Temp\npm-5792-63559a17\registry.npmjs.org\bindings\-\bindings-1.3.0.tgz not in flight; adding
142 verbose addTmpTarball already have metadata; skipping unpack for bindings@1.3.0
143 verbose correctMkdir C:\Users\IKAP\AppData\Roaming\npm-cache correctMkdir not in flight; initializing
144 silly cache afterAdd bindings@1.3.0
145 verbose afterAdd C:\Users\IKAP\AppData\Roaming\npm-cache\bindings\1.3.0\package\package.json not in flight; writing
146 verbose correctMkdir C:\Users\IKAP\AppData\Roaming\npm-cache correctMkdir not in flight; initializing
147 verbose afterAdd C:\Users\IKAP\AppData\Roaming\npm-cache\bindings\1.3.0\package\package.json written
148 http 200 https://registry.npmjs.org/nan
149 verbose headers { server: 'nginx/1.10.1',
149 verbose headers   'content-type': 'application/json',
149 verbose headers   'last-modified': 'Thu, 21 Sep 2017 03:44:20 GMT',
149 verbose headers   etag: 'W/"59c33594-20237"',
149 verbose headers   'content-encoding': 'gzip',
149 verbose headers   'cache-control': 'max-age=300',
149 verbose headers   'content-length': '15438',
149 verbose headers   'accept-ranges': 'bytes',
149 verbose headers   date: 'Fri, 20 Oct 2017 04:18:46 GMT',
149 verbose headers   via: '1.1 varnish',
149 verbose headers   age: '263',
149 verbose headers   connection: 'keep-alive',
149 verbose headers   'x-served-by': 'cache-ewr18151-EWR',
149 verbose headers   'x-cache': 'HIT',
149 verbose headers   'x-cache-hits': '2',
149 verbose headers   'x-timer': 'S1508473127.507161,VS0,VE0',
149 verbose headers   vary: 'Accept-Encoding, Accept' }
150 silly get cb [ 200,
150 silly get   { server: 'nginx/1.10.1',
150 silly get     'content-type': 'application/json',
150 silly get     'last-modified': 'Thu, 21 Sep 2017 03:44:20 GMT',
150 silly get     etag: 'W/"59c33594-20237"',
150 silly get     'content-encoding': 'gzip',
150 silly get     'cache-control': 'max-age=300',
150 silly get     'content-length': '15438',
150 silly get     'accept-ranges': 'bytes',
150 silly get     date: 'Fri, 20 Oct 2017 04:18:46 GMT',
150 silly get     via: '1.1 varnish',
150 silly get     age: '263',
150 silly get     connection: 'keep-alive',
150 silly get     'x-served-by': 'cache-ewr18151-EWR',
150 silly get     'x-cache': 'HIT',
150 silly get     'x-cache-hits': '2',
150 silly get     'x-timer': 'S1508473127.507161,VS0,VE0',
150 silly get     vary: 'Accept-Encoding, Accept' } ]
151 verbose get saving nan to C:\Users\IKAP\AppData\Roaming\npm-cache\registry.npmjs.org\nan\.cache.json
152 verbose correctMkdir C:\Users\IKAP\AppData\Roaming\npm-cache correctMkdir not in flight; initializing
153 silly pickManifestFromRegistryMetadata spec * tag latest versions [ '0.3.0-wip',
153 silly pickManifestFromRegistryMetadata   '0.3.0-wip2',
153 silly pickManifestFromRegistryMetadata   '0.3.0',
153 silly pickManifestFromRegistryMetadata   '0.3.1',
153 silly pickManifestFromRegistryMetadata   '0.3.2',
153 silly pickManifestFromRegistryMetadata   '0.4.0',
153 silly pickManifestFromRegistryMetadata   '0.4.1',
153 silly pickManifestFromRegistryMetadata   '0.4.2',
153 silly pickManifestFromRegistryMetadata   '0.4.3',
153 silly pickManifestFromRegistryMetadata   '0.4.4',
153 silly pickManifestFromRegistryMetadata   '0.5.0',
153 silly pickManifestFromRegistryMetadata   '0.5.1',
153 silly pickManifestFromRegistryMetadata   '0.5.2',
153 silly pickManifestFromRegistryMetadata   '0.6.0',
153 silly pickManifestFromRegistryMetadata   '0.7.0',
153 silly pickManifestFromRegistryMetadata   '0.7.1',
153 silly pickManifestFromRegistryMetadata   '0.8.0',
153 silly pickManifestFromRegistryMetadata   '1.0.0',
153 silly pickManifestFromRegistryMetadata   '1.1.0',
153 silly pickManifestFromRegistryMetadata   '1.1.1',
153 silly pickManifestFromRegistryMetadata   '1.1.2',
153 silly pickManifestFromRegistryMetadata   '1.2.0',
153 silly pickManifestFromRegistryMetadata   '1.3.0',
153 silly pickManifestFromRegistryMetadata   '1.4.0',
153 silly pickManifestFromRegistryMetadata   '1.4.1',
153 silly pickManifestFromRegistryMetadata   '1.5.0',
153 silly pickManifestFromRegistryMetadata   '1.4.2',
153 silly pickManifestFromRegistryMetadata   '1.4.3',
153 silly pickManifestFromRegistryMetadata   '1.5.1',
153 silly pickManifestFromRegistryMetadata   '1.5.2',
153 silly pickManifestFromRegistryMetadata   '1.6.0',
153 silly pickManifestFromRegistryMetadata   '1.5.3',
153 silly pickManifestFromRegistryMetadata   '1.6.1',
153 silly pickManifestFromRegistryMetadata   '1.6.2',
153 silly pickManifestFromRegistryMetadata   '1.7.0',
153 silly pickManifestFromRegistryMetadata   '1.8.0',
153 silly pickManifestFromRegistryMetadata   '1.8.1',
153 silly pickManifestFromRegistryMetadata   '1.8.2',
153 silly pickManifestFromRegistryMetadata   '1.8.3',
153 silly pickManifestFromRegistryMetadata   '1.8.4',
153 silly pickManifestFromRegistryMetadata   '1.9.0',
153 silly pickManifestFromRegistryMetadata   '2.0.0',
153 silly pickManifestFromRegistryMetadata   '2.0.1',
153 silly pickManifestFromRegistryMetadata   '2.0.2',
153 silly pickManifestFromRegistryMetadata   '2.0.3',
153 silly pickManifestFromRegistryMetadata   '2.0.4',
153 silly pickManifestFromRegistryMetadata   '2.0.5',
153 silly pickManifestFromRegistryMetadata   '2.0.6',
153 silly pickManifestFromRegistryMetadata   '2.0.7',
153 silly pickManifestFromRegistryMetadata   '2.0.8',
153 silly pickManifestFromRegistryMetadata   '2.0.9',
153 silly pickManifestFromRegistryMetadata   '2.1.0',
153 silly pickManifestFromRegistryMetadata   '2.2.0',
153 silly pickManifestFromRegistryMetadata   '2.2.1',
153 silly pickManifestFromRegistryMetadata   '2.3.0',
153 silly pickManifestFromRegistryMetadata   '2.3.1',
153 silly pickManifestFromRegistryMetadata   '2.3.2',
153 silly pickManifestFromRegistryMetadata   '2.3.3',
153 silly pickManifestFromRegistryMetadata   '2.3.4',
153 silly pickManifestFromRegistryMetadata   '2.3.5',
153 silly pickManifestFromRegistryMetadata   '2.4.0',
153 silly pickManifestFromRegistryMetadata   '2.5.0',
153 silly pickManifestFromRegistryMetadata   '2.5.1',
153 silly pickManifestFromRegistryMetadata   '2.6.0',
153 silly pickManifestFromRegistryMetadata   '2.6.1',
153 silly pickManifestFromRegistryMetadata   '2.6.2',
153 silly pickManifestFromRegistryMetadata   '2.7.0' ]
154 silly resolveWithNewModule nan@2.7.0 checking installable status
155 silly cache add args [ 'nan@*', null ]
156 verbose cache add spec nan@*
157 silly cache add parsed spec Result {
157 silly cache add   raw: 'nan@*',
157 silly cache add   scope: null,
157 silly cache add   escapedName: 'nan',
157 silly cache add   name: 'nan',
157 silly cache add   rawSpec: '*',
157 silly cache add   spec: '*',
157 silly cache add   type: 'range' }
158 silly addNamed nan@*
159 verbose addNamed "*" is a valid semver range for nan
160 silly addNameRange { name: 'nan', range: '*', hasData: false }
161 silly mapToRegistry name nan
162 silly mapToRegistry using default registry
163 silly mapToRegistry registry https://registry.npmjs.org/
164 silly mapToRegistry data Result {
164 silly mapToRegistry   raw: 'nan',
164 silly mapToRegistry   scope: null,
164 silly mapToRegistry   escapedName: 'nan',
164 silly mapToRegistry   name: 'nan',
164 silly mapToRegistry   rawSpec: '',
164 silly mapToRegistry   spec: 'latest',
164 silly mapToRegistry   type: 'tag' }
165 silly mapToRegistry uri https://registry.npmjs.org/nan
166 verbose addNameRange registry:https://registry.npmjs.org/nan not in flight; fetching
167 verbose get https://registry.npmjs.org/nan not expired, no request
168 silly addNameRange number 2 { name: 'nan', range: '*', hasData: true }
169 silly addNameRange versions [ 'nan',
169 silly addNameRange   [ '0.3.0-wip',
169 silly addNameRange     '0.3.0-wip2',
169 silly addNameRange     '0.3.0',
169 silly addNameRange     '0.3.1',
169 silly addNameRange     '0.3.2',
169 silly addNameRange     '0.4.0',
169 silly addNameRange     '0.4.1',
169 silly addNameRange     '0.4.2',
169 silly addNameRange     '0.4.3',
169 silly addNameRange     '0.4.4',
169 silly addNameRange     '0.5.0',
169 silly addNameRange     '0.5.1',
169 silly addNameRange     '0.5.2',
169 silly addNameRange     '0.6.0',
169 silly addNameRange     '0.7.0',
169 silly addNameRange     '0.7.1',
169 silly addNameRange     '0.8.0',
169 silly addNameRange     '1.0.0',
169 silly addNameRange     '1.1.0',
169 silly addNameRange     '1.1.1',
169 silly addNameRange     '1.1.2',
169 silly addNameRange     '1.2.0',
169 silly addNameRange     '1.3.0',
169 silly addNameRange     '1.4.0',
169 silly addNameRange     '1.4.1',
169 silly addNameRange     '1.5.0',
169 silly addNameRange     '1.4.2',
169 silly addNameRange     '1.4.3',
169 silly addNameRange     '1.5.1',
169 silly addNameRange     '1.5.2',
169 silly addNameRange     '1.6.0',
169 silly addNameRange     '1.5.3',
169 silly addNameRange     '1.6.1',
169 silly addNameRange     '1.6.2',
169 silly addNameRange     '1.7.0',
169 silly addNameRange     '1.8.0',
169 silly addNameRange     '1.8.1',
169 silly addNameRange     '1.8.2',
169 silly addNameRange     '1.8.3',
169 silly addNameRange     '1.8.4',
169 silly addNameRange     '1.9.0',
169 silly addNameRange     '2.0.0',
169 silly addNameRange     '2.0.1',
169 silly addNameRange     '2.0.2',
169 silly addNameRange     '2.0.3',
169 silly addNameRange     '2.0.4',
169 silly addNameRange     '2.0.5',
169 silly addNameRange     '2.0.6',
169 silly addNameRange     '2.0.7',
169 silly addNameRange     '2.0.8',
169 silly addNameRange     '2.0.9',
169 silly addNameRange     '2.1.0',
169 silly addNameRange     '2.2.0',
169 silly addNameRange     '2.2.1',
169 silly addNameRange     '2.3.0',
169 silly addNameRange     '2.3.1',
169 silly addNameRange     '2.3.2',
169 silly addNameRange     '2.3.3',
169 silly addNameRange     '2.3.4',
169 silly addNameRange     '2.3.5',
169 silly addNameRange     '2.4.0',
169 silly addNameRange     '2.5.0',
169 silly addNameRange     '2.5.1',
169 silly addNameRange     '2.6.0',
169 silly addNameRange     '2.6.1',
169 silly addNameRange     '2.6.2',
169 silly addNameRange     '2.7.0' ] ]
170 silly pickManifestFromRegistryMetadata spec * tag latest versions [ '0.3.0-wip',
170 silly pickManifestFromRegistryMetadata   '0.3.0-wip2',
170 silly pickManifestFromRegistryMetadata   '0.3.0',
170 silly pickManifestFromRegistryMetadata   '0.3.1',
170 silly pickManifestFromRegistryMetadata   '0.3.2',
170 silly pickManifestFromRegistryMetadata   '0.4.0',
170 silly pickManifestFromRegistryMetadata   '0.4.1',
170 silly pickManifestFromRegistryMetadata   '0.4.2',
170 silly pickManifestFromRegistryMetadata   '0.4.3',
170 silly pickManifestFromRegistryMetadata   '0.4.4',
170 silly pickManifestFromRegistryMetadata   '0.5.0',
170 silly pickManifestFromRegistryMetadata   '0.5.1',
170 silly pickManifestFromRegistryMetadata   '0.5.2',
170 silly pickManifestFromRegistryMetadata   '0.6.0',
170 silly pickManifestFromRegistryMetadata   '0.7.0',
170 silly pickManifestFromRegistryMetadata   '0.7.1',
170 silly pickManifestFromRegistryMetadata   '0.8.0',
170 silly pickManifestFromRegistryMetadata   '1.0.0',
170 silly pickManifestFromRegistryMetadata   '1.1.0',
170 silly pickManifestFromRegistryMetadata   '1.1.1',
170 silly pickManifestFromRegistryMetadata   '1.1.2',
170 silly pickManifestFromRegistryMetadata   '1.2.0',
170 silly pickManifestFromRegistryMetadata   '1.3.0',
170 silly pickManifestFromRegistryMetadata   '1.4.0',
170 silly pickManifestFromRegistryMetadata   '1.4.1',
170 silly pickManifestFromRegistryMetadata   '1.5.0',
170 silly pickManifestFromRegistryMetadata   '1.4.2',
170 silly pickManifestFromRegistryMetadata   '1.4.3',
170 silly pickManifestFromRegistryMetadata   '1.5.1',
170 silly pickManifestFromRegistryMetadata   '1.5.2',
170 silly pickManifestFromRegistryMetadata   '1.6.0',
170 silly pickManifestFromRegistryMetadata   '1.5.3',
170 silly pickManifestFromRegistryMetadata   '1.6.1',
170 silly pickManifestFromRegistryMetadata   '1.6.2',
170 silly pickManifestFromRegistryMetadata   '1.7.0',
170 silly pickManifestFromRegistryMetadata   '1.8.0',
170 silly pickManifestFromRegistryMetadata   '1.8.1',
170 silly pickManifestFromRegistryMetadata   '1.8.2',
170 silly pickManifestFromRegistryMetadata   '1.8.3',
170 silly pickManifestFromRegistryMetadata   '1.8.4',
170 silly pickManifestFromRegistryMetadata   '1.9.0',
170 silly pickManifestFromRegistryMetadata   '2.0.0',
170 silly pickManifestFromRegistryMetadata   '2.0.1',
170 silly pickManifestFromRegistryMetadata   '2.0.2',
170 silly pickManifestFromRegistryMetadata   '2.0.3',
170 silly pickManifestFromRegistryMetadata   '2.0.4',
170 silly pickManifestFromRegistryMetadata   '2.0.5',
170 silly pickManifestFromRegistryMetadata   '2.0.6',
170 silly pickManifestFromRegistryMetadata   '2.0.7',
170 silly pickManifestFromRegistryMetadata   '2.0.8',
170 silly pickManifestFromRegistryMetadata   '2.0.9',
170 silly pickManifestFromRegistryMetadata   '2.1.0',
170 silly pickManifestFromRegistryMetadata   '2.2.0',
170 silly pickManifestFromRegistryMetadata   '2.2.1',
170 silly pickManifestFromRegistryMetadata   '2.3.0',
170 silly pickManifestFromRegistryMetadata   '2.3.1',
170 silly pickManifestFromRegistryMetadata   '2.3.2',
170 silly pickManifestFromRegistryMetadata   '2.3.3',
170 silly pickManifestFromRegistryMetadata   '2.3.4',
170 silly pickManifestFromRegistryMetadata   '2.3.5',
170 silly pickManifestFromRegistryMetadata   '2.4.0',
170 silly pickManifestFromRegistryMetadata   '2.5.0',
170 silly pickManifestFromRegistryMetadata   '2.5.1',
170 silly pickManifestFromRegistryMetadata   '2.6.0',
170 silly pickManifestFromRegistryMetadata   '2.6.1',
170 silly pickManifestFromRegistryMetadata   '2.6.2',
170 silly pickManifestFromRegistryMetadata   '2.7.0' ]
171 silly addNamed nan@latest
172 verbose addNamed "latest" is being treated as a dist-tag for nan
173 info addNameTag [ 'nan', 'latest' ]
174 silly mapToRegistry name nan
175 silly mapToRegistry using default registry
176 silly mapToRegistry registry https://registry.npmjs.org/
177 silly mapToRegistry data Result {
177 silly mapToRegistry   raw: 'nan',
177 silly mapToRegistry   scope: null,
177 silly mapToRegistry   escapedName: 'nan',
177 silly mapToRegistry   name: 'nan',
177 silly mapToRegistry   rawSpec: '',
177 silly mapToRegistry   spec: 'latest',
177 silly mapToRegistry   type: 'tag' }
178 silly mapToRegistry uri https://registry.npmjs.org/nan
179 verbose addNameTag registry:https://registry.npmjs.org/nan already in flight; waiting
180 silly addNameTag next cb for nan with tag latest
181 silly addNamed nan@2.7.0
182 verbose addNamed "2.7.0" is a plain semver version for nan
183 silly mapToRegistry name nan
184 silly mapToRegistry using default registry
185 silly mapToRegistry registry https://registry.npmjs.org/
186 silly mapToRegistry data Result {
186 silly mapToRegistry   raw: 'nan',
186 silly mapToRegistry   scope: null,
186 silly mapToRegistry   escapedName: 'nan',
186 silly mapToRegistry   name: 'nan',
186 silly mapToRegistry   rawSpec: '',
186 silly mapToRegistry   spec: 'latest',
186 silly mapToRegistry   type: 'tag' }
187 silly mapToRegistry uri https://registry.npmjs.org/nan
188 verbose addRemoteTarball https://registry.npmjs.org/nan/-/nan-2.7.0.tgz not in flight; adding
189 verbose addRemoteTarball [ 'https://registry.npmjs.org/nan/-/nan-2.7.0.tgz',
189 verbose addRemoteTarball   'd95bf721ec877e08db276ed3fc6eb78f9083ad46' ]
190 info retry fetch attempt 1 at 12:18:48 AM
191 info attempt registry request try #1 at 12:18:48 AM
192 http fetch GET https://registry.npmjs.org/nan/-/nan-2.7.0.tgz
193 http fetch 200 https://registry.npmjs.org/nan/-/nan-2.7.0.tgz
194 silly fetchAndShaCheck shasum d95bf721ec877e08db276ed3fc6eb78f9083ad46
195 verbose addTmpTarball C:\Users\IKAP\AppData\Local\Temp\npm-5792-63559a17\registry.npmjs.org\nan\-\nan-2.7.0.tgz not in flight; adding
196 verbose addTmpTarball already have metadata; skipping unpack for nan@2.7.0
197 verbose correctMkdir C:\Users\IKAP\AppData\Roaming\npm-cache correctMkdir not in flight; initializing
198 silly cache afterAdd nan@2.7.0
199 verbose afterAdd C:\Users\IKAP\AppData\Roaming\npm-cache\nan\2.7.0\package\package.json not in flight; writing
200 verbose correctMkdir C:\Users\IKAP\AppData\Roaming\npm-cache correctMkdir not in flight; initializing
201 verbose afterAdd C:\Users\IKAP\AppData\Roaming\npm-cache\nan\2.7.0\package\package.json written
202 silly loadAllDepsIntoIdealTree Finishing
203 silly loadIdealTree Finishing
204 silly currentTree ipot@1.0.0
204 silly currentTree +-- accepts@1.3.4
204 silly currentTree +-- array-flatten@1.1.1
204 silly currentTree +-- basic-auth@1.1.0
204 silly currentTree +-- body-parser@1.18.1
204 silly currentTree | `-- qs@6.5.1
204 silly currentTree +-- bytes@3.0.0
204 silly currentTree +-- child_process@1.0.2
204 silly currentTree +-- content-disposition@0.5.2
204 silly currentTree +-- content-type@1.0.4
204 silly currentTree +-- cookie-parser@1.4.3
204 silly currentTree +-- cookie-signature@1.0.6
204 silly currentTree +-- cookie@0.3.1
204 silly currentTree +-- debug@2.6.8
204 silly currentTree +-- depd@1.1.1
204 silly currentTree +-- destroy@1.0.4
204 silly currentTree +-- diskspace@2.0.0
204 silly currentTree +-- ee-first@1.1.1
204 silly currentTree +-- encodeurl@1.0.1
204 silly currentTree +-- escape-html@1.0.3
204 silly currentTree +-- etag@1.8.1
204 silly currentTree +-- express@4.15.4
204 silly currentTree +-- finalhandler@1.0.5
204 silly currentTree +-- flash@1.1.0
204 silly currentTree +-- forwarded@0.1.2
204 silly currentTree +-- fresh@0.5.0
204 silly currentTree +-- http-errors@1.6.2
204 silly currentTree +-- iconv-lite@0.4.19
204 silly currentTree +-- inherits@2.0.3
204 silly currentTree +-- ipaddr.js@1.4.0
204 silly currentTree +-- jquery@3.2.1
204 silly currentTree +-- media-typer@0.3.0
204 silly currentTree +-- merge-descriptors@1.0.1
204 silly currentTree +-- methods@1.1.2
204 silly currentTree +-- mime-db@1.30.0
204 silly currentTree +-- mime-types@2.1.17
204 silly currentTree +-- mime@1.3.4
204 silly currentTree +-- morgan@1.8.2
204 silly currentTree +-- ms@2.0.0
204 silly currentTree +-- negotiator@0.6.1
204 silly currentTree +-- on-finished@2.3.0
204 silly currentTree +-- on-headers@1.0.1
204 silly currentTree +-- parseurl@1.3.2
204 silly currentTree +-- path-to-regexp@0.1.7
204 silly currentTree +-- proxy-addr@1.1.5
204 silly currentTree +-- qs@6.5.0
204 silly currentTree +-- range-parser@1.2.0
204 silly currentTree +-- raw-body@2.3.2
204 silly currentTree +-- send@0.15.4
204 silly currentTree +-- serve-static@1.12.4
204 silly currentTree +-- setprototypeof@1.0.3
204 silly currentTree +-- statuses@1.3.1
204 silly currentTree +-- type-is@1.6.15
204 silly currentTree +-- unpipe@1.0.0
204 silly currentTree +-- utils-merge@1.0.0
204 silly currentTree `-- vary@1.1.1
205 silly idealTree ipot@1.0.0
205 silly idealTree +-- accepts@1.3.4
205 silly idealTree +-- array-flatten@1.1.1
205 silly idealTree +-- basic-auth@1.1.0
205 silly idealTree +-- bindings@1.3.0
205 silly idealTree +-- body-parser@1.18.1
205 silly idealTree | `-- qs@6.5.1
205 silly idealTree +-- bytes@3.0.0
205 silly idealTree +-- child_process@1.0.2
205 silly idealTree +-- content-disposition@0.5.2
205 silly idealTree +-- content-type@1.0.4
205 silly idealTree +-- cookie-parser@1.4.3
205 silly idealTree +-- cookie-signature@1.0.6
205 silly idealTree +-- cookie@0.3.1
205 silly idealTree +-- debug@2.6.8
205 silly idealTree +-- depd@1.1.1
205 silly idealTree +-- destroy@1.0.4
205 silly idealTree +-- diskspace@2.0.0
205 silly idealTree +-- ee-first@1.1.1
205 silly idealTree +-- encodeurl@1.0.1
205 silly idealTree +-- escape-html@1.0.3
205 silly idealTree +-- etag@1.8.1
205 silly idealTree +-- express@4.15.4
205 silly idealTree +-- finalhandler@1.0.5
205 silly idealTree +-- flash@1.1.0
205 silly idealTree +-- forwarded@0.1.2
205 silly idealTree +-- fresh@0.5.0
205 silly idealTree +-- http-errors@1.6.2
205 silly idealTree +-- iconv-lite@0.4.19
205 silly idealTree +-- inherits@2.0.3
205 silly idealTree +-- ipaddr.js@1.4.0
205 silly idealTree +-- jquery@3.2.1
205 silly idealTree +-- media-typer@0.3.0
205 silly idealTree +-- merge-descriptors@1.0.1
205 silly idealTree +-- methods@1.1.2
205 silly idealTree +-- mime-db@1.30.0
205 silly idealTree +-- mime-types@2.1.17
205 silly idealTree +-- mime@1.3.4
205 silly idealTree +-- morgan@1.8.2
205 silly idealTree +-- ms@2.0.0
205 silly idealTree +-- nan@2.7.0
205 silly idealTree +-- negotiator@0.6.1
205 silly idealTree +-- on-finished@2.3.0
205 silly idealTree +-- on-headers@1.0.1
205 silly idealTree +-- parseurl@1.3.2
205 silly idealTree +-- path-to-regexp@0.1.7
205 silly idealTree +-- proxy-addr@1.1.5
205 silly idealTree +-- qs@6.5.0
205 silly idealTree +-- range-parser@1.2.0
205 silly idealTree +-- raw-body@2.3.2
205 silly idealTree +-- rpio@0.9.19
205 silly idealTree +-- send@0.15.4
205 silly idealTree +-- serve-static@1.12.4
205 silly idealTree +-- setprototypeof@1.0.3
205 silly idealTree +-- statuses@1.3.1
205 silly idealTree +-- type-is@1.6.15
205 silly idealTree +-- unpipe@1.0.0
205 silly idealTree +-- utils-merge@1.0.0
205 silly idealTree `-- vary@1.1.1
206 silly generateActionsToTake Starting
207 silly install generateActionsToTake
208 silly generateActionsToTake Finishing
209 silly diffTrees action count 3
210 silly diffTrees add bindings@1.3.0
211 silly diffTrees add nan@2.7.0
212 silly diffTrees add rpio@0.9.19
213 silly decomposeActions action count 24
214 silly decomposeActions fetch bindings@1.3.0
215 silly decomposeActions extract bindings@1.3.0
216 silly decomposeActions test bindings@1.3.0
217 silly decomposeActions preinstall bindings@1.3.0
218 silly decomposeActions build bindings@1.3.0
219 silly decomposeActions install bindings@1.3.0
220 silly decomposeActions postinstall bindings@1.3.0
221 silly decomposeActions finalize bindings@1.3.0
222 silly decomposeActions fetch nan@2.7.0
223 silly decomposeActions extract nan@2.7.0
224 silly decomposeActions test nan@2.7.0
225 silly decomposeActions preinstall nan@2.7.0
226 silly decomposeActions build nan@2.7.0
227 silly decomposeActions install nan@2.7.0
228 silly decomposeActions postinstall nan@2.7.0
229 silly decomposeActions finalize nan@2.7.0
230 silly decomposeActions fetch rpio@0.9.19
231 silly decomposeActions extract rpio@0.9.19
232 silly decomposeActions test rpio@0.9.19
233 silly decomposeActions preinstall rpio@0.9.19
234 silly decomposeActions build rpio@0.9.19
235 silly decomposeActions install rpio@0.9.19
236 silly decomposeActions postinstall rpio@0.9.19
237 silly decomposeActions finalize rpio@0.9.19
238 silly runTopLevelLifecycles Starting
239 silly executeActions Starting
240 silly install executeActions
241 silly doSerial global-install 0
242 silly doParallel fetch 3
243 verbose correctMkdir C:\Users\IKAP\AppData\Roaming\npm-cache\_locks correctMkdir not in flight; initializing
244 verbose lock using C:\Users\IKAP\AppData\Roaming\npm-cache\_locks\staging-dac3d83ceb860689.lock for C:\Users\IKAP\Documents\GitHub\iPot\node_modules\.staging
245 silly doParallel extract 3
246 silly extract bindings@1.3.0
247 silly extract nan@2.7.0
248 silly extract rpio@0.9.19
249 verbose unbuild node_modules\.staging\bindings-9b416b08
250 verbose unbuild node_modules\.staging\rpio-df3b7198
251 silly gentlyRm C:\Users\IKAP\Documents\GitHub\iPot\node_modules\.staging\bindings-9b416b08 is being purged from base C:\Users\IKAP\Documents\GitHub\iPot
252 verbose gentlyRm don't care about contents; nuking C:\Users\IKAP\Documents\GitHub\iPot\node_modules\.staging\bindings-9b416b08
253 silly gentlyRm C:\Users\IKAP\Documents\GitHub\iPot\node_modules\.staging\rpio-df3b7198 is being purged from base C:\Users\IKAP\Documents\GitHub\iPot
254 verbose gentlyRm don't care about contents; nuking C:\Users\IKAP\Documents\GitHub\iPot\node_modules\.staging\rpio-df3b7198
255 verbose unbuild node_modules\.staging\nan-14531808
256 verbose tar unpack C:\Users\IKAP\AppData\Roaming\npm-cache\bindings\1.3.0\package.tgz
257 verbose tar unpacking to C:\Users\IKAP\Documents\GitHub\iPot\node_modules\.staging\bindings-9b416b08
258 silly gentlyRm C:\Users\IKAP\Documents\GitHub\iPot\node_modules\.staging\bindings-9b416b08 is being purged
259 verbose gentlyRm don't care about contents; nuking C:\Users\IKAP\Documents\GitHub\iPot\node_modules\.staging\bindings-9b416b08
260 verbose tar unpack C:\Users\IKAP\AppData\Roaming\npm-cache\rpio\0.9.19\package.tgz
261 verbose tar unpacking to C:\Users\IKAP\Documents\GitHub\iPot\node_modules\.staging\rpio-df3b7198
262 silly gentlyRm C:\Users\IKAP\Documents\GitHub\iPot\node_modules\.staging\rpio-df3b7198 is being purged
263 verbose gentlyRm don't care about contents; nuking C:\Users\IKAP\Documents\GitHub\iPot\node_modules\.staging\rpio-df3b7198
264 silly gunzTarPerm modes [ '777', '666' ]
265 silly gunzTarPerm modes [ '777', '666' ]
266 silly gentlyRm C:\Users\IKAP\Documents\GitHub\iPot\node_modules\.staging\nan-14531808 is being purged from base C:\Users\IKAP\Documents\GitHub\iPot
267 verbose gentlyRm don't care about contents; nuking C:\Users\IKAP\Documents\GitHub\iPot\node_modules\.staging\nan-14531808
268 verbose tar unpack C:\Users\IKAP\AppData\Roaming\npm-cache\nan\2.7.0\package.tgz
269 verbose tar unpacking to C:\Users\IKAP\Documents\GitHub\iPot\node_modules\.staging\nan-14531808
270 silly gentlyRm C:\Users\IKAP\Documents\GitHub\iPot\node_modules\.staging\nan-14531808 is being purged
271 verbose gentlyRm don't care about contents; nuking C:\Users\IKAP\Documents\GitHub\iPot\node_modules\.staging\nan-14531808
272 silly gunzTarPerm modes [ '777', '666' ]
273 silly gunzTarPerm extractEntry package.json
274 silly gunzTarPerm modified mode [ 'package.json', 420, 438 ]
275 silly gunzTarPerm extractEntry package.json
276 silly gunzTarPerm modified mode [ 'package.json', 420, 438 ]
277 silly gunzTarPerm extractEntry package.json
278 silly gunzTarPerm modified mode [ 'package.json', 436, 438 ]
279 silly gunzTarPerm extractEntry .npmignore
280 silly gunzTarPerm modified mode [ '.npmignore', 420, 438 ]
281 silly gunzTarPerm extractEntry README.md
282 silly gunzTarPerm modified mode [ 'README.md', 420, 438 ]
283 silly gunzTarPerm extractEntry README.md
284 silly gunzTarPerm modified mode [ 'README.md', 420, 438 ]
285 silly gunzTarPerm extractEntry bindings.js
286 silly gunzTarPerm modified mode [ 'bindings.js', 420, 438 ]
287 silly gunzTarPerm extractEntry README.md
288 silly gunzTarPerm modified mode [ 'README.md', 436, 438 ]
289 silly gunzTarPerm extractEntry include_dirs.js
290 silly gunzTarPerm modified mode [ 'include_dirs.js', 436, 438 ]
291 silly gunzTarPerm extractEntry binding.gyp
292 silly gunzTarPerm modified mode [ 'binding.gyp', 420, 438 ]
293 silly gunzTarPerm extractEntry nan_converters_43_inl.h
294 silly gunzTarPerm modified mode [ 'nan_converters_43_inl.h', 436, 438 ]
295 silly gunzTarPerm extractEntry LICENSE.md
296 silly gunzTarPerm modified mode [ 'LICENSE.md', 436, 438 ]
297 silly gunzTarPerm extractEntry doc/new.md
298 silly gunzTarPerm modified mode [ 'doc/new.md', 436, 438 ]
299 silly gunzTarPerm extractEntry .travis.yml
300 silly gunzTarPerm modified mode [ '.travis.yml', 420, 438 ]
301 silly gunzTarPerm extractEntry examples/blink.js
302 silly gunzTarPerm modified mode [ 'examples/blink.js', 420, 438 ]
303 silly gunzTarPerm extractEntry examples/button.js
304 silly gunzTarPerm modified mode [ 'examples/button.js', 420, 438 ]
305 silly gunzTarPerm extractEntry doc/asyncworker.md
306 silly gunzTarPerm modified mode [ 'doc/asyncworker.md', 436, 438 ]
307 silly gunzTarPerm extractEntry examples/dht11.js
308 silly gunzTarPerm modified mode [ 'examples/dht11.js', 420, 438 ]
309 silly gunzTarPerm extractEntry doc/callback.md
310 silly gunzTarPerm modified mode [ 'doc/callback.md', 436, 438 ]
311 silly gunzTarPerm extractEntry doc/converters.md
312 silly gunzTarPerm modified mode [ 'doc/converters.md', 436, 438 ]
313 silly gunzTarPerm extractEntry examples/i2c-lcd.js
314 silly gunzTarPerm modified mode [ 'examples/i2c-lcd.js', 420, 438 ]
315 silly gunzTarPerm extractEntry examples/padcontrol.js
316 silly gunzTarPerm modified mode [ 'examples/padcontrol.js', 420, 438 ]
317 silly gunzTarPerm extractEntry doc/errors.md
318 silly gunzTarPerm modified mode [ 'doc/errors.md', 436, 438 ]
319 silly gunzTarPerm extractEntry doc/json.md
320 silly gunzTarPerm modified mode [ 'doc/json.md', 436, 438 ]
321 silly gunzTarPerm extractEntry examples/pwm-led.js
322 silly gunzTarPerm modified mode [ 'examples/pwm-led.js', 420, 438 ]
323 silly gunzTarPerm extractEntry examples/spi-at93c46.js
324 silly gunzTarPerm modified mode [ 'examples/spi-at93c46.js', 420, 438 ]
325 silly gunzTarPerm extractEntry lib/rpio.js
326 silly gunzTarPerm modified mode [ 'lib/rpio.js', 420, 438 ]
327 silly gunzTarPerm extractEntry src/bcm2835.c
328 silly gunzTarPerm modified mode [ 'src/bcm2835.c', 420, 438 ]
329 silly gunzTarPerm extractEntry doc/maybe_types.md
330 silly gunzTarPerm modified mode [ 'doc/maybe_types.md', 436, 438 ]
331 silly gunzTarPerm extractEntry doc/methods.md
332 silly gunzTarPerm modified mode [ 'doc/methods.md', 436, 438 ]
333 silly gentlyRm C:\Users\IKAP\Documents\GitHub\iPot\node_modules\.staging\bindings-9b416b08\node_modules is being purged
334 verbose gentlyRm don't care about contents; nuking C:\Users\IKAP\Documents\GitHub\iPot\node_modules\.staging\bindings-9b416b08\node_modules
335 silly gunzTarPerm extractEntry src/bcm2835.h
336 silly gunzTarPerm modified mode [ 'src/bcm2835.h', 420, 438 ]
337 silly gunzTarPerm extractEntry src/rpio.cc
338 silly gunzTarPerm modified mode [ 'src/rpio.cc', 420, 438 ]
339 silly gunzTarPerm extractEntry doc/buffers.md
340 silly gunzTarPerm modified mode [ 'doc/buffers.md', 436, 438 ]
341 silly gunzTarPerm extractEntry doc/node_misc.md
342 silly gunzTarPerm modified mode [ 'doc/node_misc.md', 436, 438 ]
343 silly gunzTarPerm extractEntry doc/object_wrappers.md
344 silly gunzTarPerm modified mode [ 'doc/object_wrappers.md', 436, 438 ]
345 silly gunzTarPerm extractEntry doc/persistent.md
346 silly gunzTarPerm modified mode [ 'doc/persistent.md', 436, 438 ]
347 silly gunzTarPerm extractEntry doc/scopes.md
348 silly gunzTarPerm modified mode [ 'doc/scopes.md', 436, 438 ]
349 silly gunzTarPerm extractEntry doc/script.md
350 silly gunzTarPerm modified mode [ 'doc/script.md', 436, 438 ]
351 silly gunzTarPerm extractEntry doc/string_bytes.md
352 silly gunzTarPerm modified mode [ 'doc/string_bytes.md', 436, 438 ]
353 silly gunzTarPerm extractEntry doc/v8_internals.md
354 silly gunzTarPerm modified mode [ 'doc/v8_internals.md', 436, 438 ]
355 silly gunzTarPerm extractEntry doc/v8_misc.md
356 silly gunzTarPerm modified mode [ 'doc/v8_misc.md', 436, 438 ]
357 silly gunzTarPerm extractEntry nan.h
358 silly gunzTarPerm modified mode [ 'nan.h', 436, 438 ]
359 silly gunzTarPerm extractEntry nan_callbacks.h
360 silly gunzTarPerm modified mode [ 'nan_callbacks.h', 436, 438 ]
361 silly gunzTarPerm extractEntry nan_callbacks_12_inl.h
362 silly gunzTarPerm modified mode [ 'nan_callbacks_12_inl.h', 436, 438 ]
363 silly gunzTarPerm extractEntry nan_callbacks_pre_12_inl.h
364 silly gunzTarPerm modified mode [ 'nan_callbacks_pre_12_inl.h', 436, 438 ]
365 silly gunzTarPerm extractEntry nan_converters.h
366 silly gunzTarPerm modified mode [ 'nan_converters.h', 436, 438 ]
367 silly gunzTarPerm extractEntry nan_converters_pre_43_inl.h
368 silly gunzTarPerm modified mode [ 'nan_converters_pre_43_inl.h', 436, 438 ]
369 silly gunzTarPerm extractEntry nan_implementation_12_inl.h
370 silly gunzTarPerm modified mode [ 'nan_implementation_12_inl.h', 436, 438 ]
371 silly gunzTarPerm extractEntry nan_implementation_pre_12_inl.h
372 silly gunzTarPerm modified mode [ 'nan_implementation_pre_12_inl.h', 436, 438 ]
373 silly gunzTarPerm extractEntry nan_json.h
374 silly gunzTarPerm modified mode [ 'nan_json.h', 436, 438 ]
375 silly gunzTarPerm extractEntry nan_maybe_43_inl.h
376 silly gunzTarPerm modified mode [ 'nan_maybe_43_inl.h', 436, 438 ]
377 silly gunzTarPerm extractEntry nan_maybe_pre_43_inl.h
378 silly gunzTarPerm modified mode [ 'nan_maybe_pre_43_inl.h', 436, 438 ]
379 silly gunzTarPerm extractEntry nan_new.h
380 silly gunzTarPerm modified mode [ 'nan_new.h', 436, 438 ]
381 silly gunzTarPerm extractEntry nan_object_wrap.h
382 silly gunzTarPerm modified mode [ 'nan_object_wrap.h', 436, 438 ]
383 silly gunzTarPerm extractEntry nan_persistent_12_inl.h
384 silly gunzTarPerm modified mode [ 'nan_persistent_12_inl.h', 436, 438 ]
385 silly gunzTarPerm extractEntry nan_persistent_pre_12_inl.h
386 silly gunzTarPerm modified mode [ 'nan_persistent_pre_12_inl.h', 436, 438 ]
387 silly gunzTarPerm extractEntry nan_private.h
388 silly gunzTarPerm modified mode [ 'nan_private.h', 436, 438 ]
389 silly gunzTarPerm extractEntry nan_string_bytes.h
390 silly gunzTarPerm modified mode [ 'nan_string_bytes.h', 436, 438 ]
391 silly gunzTarPerm extractEntry nan_typedarray_contents.h
392 silly gunzTarPerm modified mode [ 'nan_typedarray_contents.h', 436, 438 ]
393 silly gunzTarPerm extractEntry nan_weak.h
394 silly gunzTarPerm modified mode [ 'nan_weak.h', 436, 438 ]
395 silly gunzTarPerm extractEntry CHANGELOG.md
396 silly gunzTarPerm modified mode [ 'CHANGELOG.md', 436, 438 ]
397 silly gunzTarPerm extractEntry tools/package.json
398 silly gunzTarPerm modified mode [ 'tools/package.json', 436, 438 ]
399 silly gunzTarPerm extractEntry tools/README.md
400 silly gunzTarPerm modified mode [ 'tools/README.md', 436, 438 ]
401 silly gentlyRm C:\Users\IKAP\Documents\GitHub\iPot\node_modules\.staging\rpio-df3b7198\node_modules is being purged
402 verbose gentlyRm don't care about contents; nuking C:\Users\IKAP\Documents\GitHub\iPot\node_modules\.staging\rpio-df3b7198\node_modules
403 silly gunzTarPerm extractEntry tools/1to2.js
404 silly gunzTarPerm modified mode [ 'tools/1to2.js', 509, 511 ]
405 silly gentlyRm C:\Users\IKAP\Documents\GitHub\iPot\node_modules\.staging\nan-14531808\node_modules is being purged
406 verbose gentlyRm don't care about contents; nuking C:\Users\IKAP\Documents\GitHub\iPot\node_modules\.staging\nan-14531808\node_modules
407 silly doParallel preinstall 3
408 silly preinstall bindings@1.3.0
409 info lifecycle bindings@1.3.0~preinstall: bindings@1.3.0
410 silly preinstall nan@2.7.0
411 info lifecycle nan@2.7.0~preinstall: nan@2.7.0
412 silly preinstall rpio@0.9.19
413 info lifecycle rpio@0.9.19~preinstall: rpio@0.9.19
414 silly lifecycle bindings@1.3.0~preinstall: no script for preinstall, continuing
415 silly lifecycle nan@2.7.0~preinstall: no script for preinstall, continuing
416 silly lifecycle rpio@0.9.19~preinstall: no script for preinstall, continuing
417 silly doReverseSerial remove 0
418 silly doSerial move 0
419 silly doSerial finalize 3
420 silly finalize C:\Users\IKAP\Documents\GitHub\iPot\node_modules\bindings
421 silly finalize C:\Users\IKAP\Documents\GitHub\iPot\node_modules\nan
422 silly finalize C:\Users\IKAP\Documents\GitHub\iPot\node_modules\rpio
423 silly doSerial build 3
424 silly build bindings@1.3.0
425 info linkStuff bindings@1.3.0
426 silly linkStuff bindings@1.3.0 has C:\Users\IKAP\Documents\GitHub\iPot\node_modules as its parent node_modules
427 verbose linkBins bindings@1.3.0
428 verbose linkMans bindings@1.3.0
429 silly build nan@2.7.0
430 info linkStuff nan@2.7.0
431 silly linkStuff nan@2.7.0 has C:\Users\IKAP\Documents\GitHub\iPot\node_modules as its parent node_modules
432 verbose linkBins nan@2.7.0
433 verbose linkMans nan@2.7.0
434 silly build rpio@0.9.19
435 info linkStuff rpio@0.9.19
436 silly linkStuff rpio@0.9.19 has C:\Users\IKAP\Documents\GitHub\iPot\node_modules as its parent node_modules
437 verbose linkBins rpio@0.9.19
438 verbose linkMans rpio@0.9.19
439 silly doSerial global-link 0
440 silly doParallel update-linked 0
441 silly doSerial install 3
442 silly install bindings@1.3.0
443 info lifecycle bindings@1.3.0~install: bindings@1.3.0
444 silly lifecycle bindings@1.3.0~install: no script for install, continuing
445 silly install nan@2.7.0
446 info lifecycle nan@2.7.0~install: nan@2.7.0
447 silly lifecycle nan@2.7.0~install: no script for install, continuing
448 silly install rpio@0.9.19
449 info lifecycle rpio@0.9.19~install: rpio@0.9.19
450 verbose lifecycle rpio@0.9.19~install: unsafe-perm in lifecycle true
451 verbose lifecycle rpio@0.9.19~install: PATH: C:\Program Files\nodejs\node_modules\npm\bin\node-gyp-bin;C:\Users\IKAP\Documents\GitHub\iPot\node_modules\rpio\node_modules\.bin;C:\Users\IKAP\Documents\GitHub\iPot\node_modules\.bin;C:\Users\IKAP\AppData\Local\GitHub\PortableGit_f02737a78695063deace08e96d5042710d3e32db\cmd;C:\Users\IKAP\AppData\Local\GitHub\PortableGit_f02737a78695063deace08e96d5042710d3e32db\usr\bin;C:\Users\IKAP\AppData\Local\GitHub\PortableGit_f02737a78695063deace08e96d5042710d3e32db\usr\share\git-tfs;C:\Users\IKAP\AppData\Local\Apps\2.0\RG48WW0L.YXH\JYM08HZY.YRY\gith..tion_317444273a93ac29_0003.0003_5794af8169eeff14;C:\Users\IKAP\AppData\Local\GitHub\lfs-amd64_1.5.5;C:\Users\IKAP\AppData\Local\Apps\2.0\RG48WW0L.YXH\JYM08HZY.YRY\gith..tion_317444273a93ac29_0003.0003_5794af8169eeff14\NativeBinaries\x86;C:\Python27\;C:\Python27\Scripts;C:\Windows;C:\Windows\system32;C:\Windows\system32\Wbem;C:\ProgramData\Oracle\Java\javapath;c:\Program Files (x86)\Intel\iCLS Client\;c:\Program Files\Intel\iCLS Client\;C:\Program Files (x86)\NVIDIA Corporation\PhysX\Common;C:\Windows\system32;C:\Windows;C:\Windows\System32\Wbem;C:\Windows\System32\WindowsPowerShell\v1.0\;C:\Program Files (x86)\Hewlett-Packard\HP Performance Advisor;C:\Program Files (x86)\Intel\OpenCL SDK\3.0\bin\x86;C:\Program Files (x86)\Intel\OpenCL SDK\3.0\bin\x64;C:\Program Files\Common Files\Autodesk Shared\;C:\Program Files (x86)\Autodesk\Backburner\;C:\Program Files (x86)\Common Files\Autodesk Shared\;C:\Program Files (x86)\Civil Series 2004\;C:\Program Files (x86)\Civil Series 2004\Land\;C:\PROGRA~2\COMMON~1\AUTODE~1\GIS\IMPORT~1\2.0;C:\Program Files (x86)\MiKTeX 2.9\miktex\bin\;C:\Program Files (x86)\Intel\Intel(R) Management Engine Components\DAL;C:\Program Files (x86)\Intel\Intel(R) Management Engine Components\IPT;C:\Program Files\Intel\Intel(R) Management Engine Components\DAL;C:\Program Files\Intel\Intel(R) Management Engine Components\IPT;C:\Program Files (x86)\Intel\Intel(R) Management Engine Components\DAL;C:\Program Files (x86)\Intel\Intel(R) Management Engine Components\IPT;C:\Program Files\Apache\Maven\bin; C:\Program Files (x86)\Google\Drive;C:\Program Files\nodejs\;C:\Program Files (x86)\Skype\Phone\;C:\Users\IKAP\AppData\Local\Programs\MiKTeX 2.9\miktex\bin\x64\;C:\Program Files\Apache\Maven\bin;C:\Users\IKAP\AppData\Roaming\npm;C:\Windows\Microsoft.NET\Framework\v4.0.30319\
452 verbose lifecycle rpio@0.9.19~install: CWD: C:\Users\IKAP\Documents\GitHub\iPot\node_modules\rpio
453 silly lifecycle rpio@0.9.19~install: Args: [ '/d /s /c', 'node-gyp rebuild' ]
454 silly lifecycle rpio@0.9.19~install: Returned: code: 1  signal: null
455 info lifecycle rpio@0.9.19~install: Failed to exec install script
456 verbose unlock done using C:\Users\IKAP\AppData\Roaming\npm-cache\_locks\staging-dac3d83ceb860689.lock for C:\Users\IKAP\Documents\GitHub\iPot\node_modules\.staging
457 silly rollbackFailedOptional Starting
458 silly gentlyRm C:\Users\IKAP\Documents\GitHub\iPot\node_modules\bindings is being purged from base C:\Users\IKAP\Documents\GitHub\iPot
459 verbose gentlyRm don't care about contents; nuking C:\Users\IKAP\Documents\GitHub\iPot\node_modules\bindings
460 silly gentlyRm C:\Users\IKAP\Documents\GitHub\iPot\node_modules\bindings is being purged from base C:\Users\IKAP\Documents\GitHub\iPot
461 verbose gentlyRm don't care about contents; nuking C:\Users\IKAP\Documents\GitHub\iPot\node_modules\bindings
462 silly gentlyRm C:\Users\IKAP\Documents\GitHub\iPot\node_modules\bindings is being purged from base C:\Users\IKAP\Documents\GitHub\iPot
463 verbose gentlyRm don't care about contents; nuking C:\Users\IKAP\Documents\GitHub\iPot\node_modules\bindings
464 silly gentlyRm C:\Users\IKAP\Documents\GitHub\iPot\node_modules\bindings is being purged from base C:\Users\IKAP\Documents\GitHub\iPot
465 verbose gentlyRm don't care about contents; nuking C:\Users\IKAP\Documents\GitHub\iPot\node_modules\bindings
466 silly gentlyRm C:\Users\IKAP\Documents\GitHub\iPot\node_modules\bindings is being purged from base C:\Users\IKAP\Documents\GitHub\iPot
467 verbose gentlyRm don't care about contents; nuking C:\Users\IKAP\Documents\GitHub\iPot\node_modules\bindings
468 silly gentlyRm C:\Users\IKAP\Documents\GitHub\iPot\node_modules\bindings is being purged from base C:\Users\IKAP\Documents\GitHub\iPot
469 verbose gentlyRm don't care about contents; nuking C:\Users\IKAP\Documents\GitHub\iPot\node_modules\bindings
470 silly gentlyRm C:\Users\IKAP\Documents\GitHub\iPot\node_modules\bindings is being purged from base C:\Users\IKAP\Documents\GitHub\iPot
471 verbose gentlyRm don't care about contents; nuking C:\Users\IKAP\Documents\GitHub\iPot\node_modules\bindings
472 silly gentlyRm C:\Users\IKAP\Documents\GitHub\iPot\node_modules\bindings is being purged from base C:\Users\IKAP\Documents\GitHub\iPot
473 verbose gentlyRm don't care about contents; nuking C:\Users\IKAP\Documents\GitHub\iPot\node_modules\bindings
474 silly gentlyRm C:\Users\IKAP\Documents\GitHub\iPot\node_modules\nan is being purged from base C:\Users\IKAP\Documents\GitHub\iPot
475 verbose gentlyRm don't care about contents; nuking C:\Users\IKAP\Documents\GitHub\iPot\node_modules\nan
476 silly gentlyRm C:\Users\IKAP\Documents\GitHub\iPot\node_modules\nan is being purged from base C:\Users\IKAP\Documents\GitHub\iPot
477 verbose gentlyRm don't care about contents; nuking C:\Users\IKAP\Documents\GitHub\iPot\node_modules\nan
478 silly gentlyRm C:\Users\IKAP\Documents\GitHub\iPot\node_modules\nan is being purged from base C:\Users\IKAP\Documents\GitHub\iPot
479 verbose gentlyRm don't care about contents; nuking C:\Users\IKAP\Documents\GitHub\iPot\node_modules\nan
480 silly gentlyRm C:\Users\IKAP\Documents\GitHub\iPot\node_modules\nan is being purged from base C:\Users\IKAP\Documents\GitHub\iPot
481 verbose gentlyRm don't care about contents; nuking C:\Users\IKAP\Documents\GitHub\iPot\node_modules\nan
482 silly gentlyRm C:\Users\IKAP\Documents\GitHub\iPot\node_modules\nan is being purged from base C:\Users\IKAP\Documents\GitHub\iPot
483 verbose gentlyRm don't care about contents; nuking C:\Users\IKAP\Documents\GitHub\iPot\node_modules\nan
484 silly gentlyRm C:\Users\IKAP\Documents\GitHub\iPot\node_modules\nan is being purged from base C:\Users\IKAP\Documents\GitHub\iPot
485 verbose gentlyRm don't care about contents; nuking C:\Users\IKAP\Documents\GitHub\iPot\node_modules\nan
486 silly gentlyRm C:\Users\IKAP\Documents\GitHub\iPot\node_modules\nan is being purged from base C:\Users\IKAP\Documents\GitHub\iPot
487 verbose gentlyRm don't care about contents; nuking C:\Users\IKAP\Documents\GitHub\iPot\node_modules\nan
488 silly gentlyRm C:\Users\IKAP\Documents\GitHub\iPot\node_modules\nan is being purged from base C:\Users\IKAP\Documents\GitHub\iPot
489 verbose gentlyRm don't care about contents; nuking C:\Users\IKAP\Documents\GitHub\iPot\node_modules\nan
490 silly gentlyRm C:\Users\IKAP\Documents\GitHub\iPot\node_modules\rpio is being purged from base C:\Users\IKAP\Documents\GitHub\iPot
491 verbose gentlyRm don't care about contents; nuking C:\Users\IKAP\Documents\GitHub\iPot\node_modules\rpio
492 silly gentlyRm C:\Users\IKAP\Documents\GitHub\iPot\node_modules\rpio is being purged from base C:\Users\IKAP\Documents\GitHub\iPot
493 verbose gentlyRm don't care about contents; nuking C:\Users\IKAP\Documents\GitHub\iPot\node_modules\rpio
494 silly gentlyRm C:\Users\IKAP\Documents\GitHub\iPot\node_modules\rpio is being purged from base C:\Users\IKAP\Documents\GitHub\iPot
495 verbose gentlyRm don't care about contents; nuking C:\Users\IKAP\Documents\GitHub\iPot\node_modules\rpio
496 silly gentlyRm C:\Users\IKAP\Documents\GitHub\iPot\node_modules\rpio is being purged from base C:\Users\IKAP\Documents\GitHub\iPot
497 verbose gentlyRm don't care about contents; nuking C:\Users\IKAP\Documents\GitHub\iPot\node_modules\rpio
498 silly gentlyRm C:\Users\IKAP\Documents\GitHub\iPot\node_modules\rpio is being purged from base C:\Users\IKAP\Documents\GitHub\iPot
499 verbose gentlyRm don't care about contents; nuking C:\Users\IKAP\Documents\GitHub\iPot\node_modules\rpio
500 silly gentlyRm C:\Users\IKAP\Documents\GitHub\iPot\node_modules\rpio is being purged from base C:\Users\IKAP\Documents\GitHub\iPot
501 verbose gentlyRm don't care about contents; nuking C:\Users\IKAP\Documents\GitHub\iPot\node_modules\rpio
502 silly gentlyRm C:\Users\IKAP\Documents\GitHub\iPot\node_modules\rpio is being purged from base C:\Users\IKAP\Documents\GitHub\iPot
503 verbose gentlyRm don't care about contents; nuking C:\Users\IKAP\Documents\GitHub\iPot\node_modules\rpio
504 silly gentlyRm C:\Users\IKAP\Documents\GitHub\iPot\node_modules\rpio is being purged from base C:\Users\IKAP\Documents\GitHub\iPot
505 verbose gentlyRm don't care about contents; nuking C:\Users\IKAP\Documents\GitHub\iPot\node_modules\rpio
506 silly vacuum-fs purging C:\Users\IKAP\Documents\GitHub\iPot\node_modules\bindings
507 silly vacuum-fs purging C:\Users\IKAP\Documents\GitHub\iPot\node_modules\bindings
508 silly vacuum-fs purging C:\Users\IKAP\Documents\GitHub\iPot\node_modules\bindings
509 silly vacuum-fs purging C:\Users\IKAP\Documents\GitHub\iPot\node_modules\bindings
510 silly vacuum-fs purging C:\Users\IKAP\Documents\GitHub\iPot\node_modules\bindings
511 silly vacuum-fs purging C:\Users\IKAP\Documents\GitHub\iPot\node_modules\bindings
512 silly vacuum-fs purging C:\Users\IKAP\Documents\GitHub\iPot\node_modules\bindings
513 silly vacuum-fs purging C:\Users\IKAP\Documents\GitHub\iPot\node_modules\bindings
514 silly vacuum-fs purging C:\Users\IKAP\Documents\GitHub\iPot\node_modules\nan
515 silly vacuum-fs purging C:\Users\IKAP\Documents\GitHub\iPot\node_modules\nan
516 silly vacuum-fs purging C:\Users\IKAP\Documents\GitHub\iPot\node_modules\nan
517 silly vacuum-fs purging C:\Users\IKAP\Documents\GitHub\iPot\node_modules\nan
518 silly vacuum-fs purging C:\Users\IKAP\Documents\GitHub\iPot\node_modules\nan
519 silly vacuum-fs purging C:\Users\IKAP\Documents\GitHub\iPot\node_modules\nan
520 silly vacuum-fs purging C:\Users\IKAP\Documents\GitHub\iPot\node_modules\nan
521 silly vacuum-fs purging C:\Users\IKAP\Documents\GitHub\iPot\node_modules\nan
522 silly vacuum-fs purging C:\Users\IKAP\Documents\GitHub\iPot\node_modules\rpio
523 silly vacuum-fs purging C:\Users\IKAP\Documents\GitHub\iPot\node_modules\rpio
524 silly vacuum-fs purging C:\Users\IKAP\Documents\GitHub\iPot\node_modules\rpio
525 silly vacuum-fs purging C:\Users\IKAP\Documents\GitHub\iPot\node_modules\rpio
526 silly vacuum-fs purging C:\Users\IKAP\Documents\GitHub\iPot\node_modules\rpio
527 silly vacuum-fs purging C:\Users\IKAP\Documents\GitHub\iPot\node_modules\rpio
528 silly vacuum-fs purging C:\Users\IKAP\Documents\GitHub\iPot\node_modules\rpio
529 silly vacuum-fs purging C:\Users\IKAP\Documents\GitHub\iPot\node_modules\rpio
530 silly vacuum-fs quitting because other entries in C:\Users\IKAP\Documents\GitHub\iPot\node_modules
531 silly vacuum-fs quitting because other entries in C:\Users\IKAP\Documents\GitHub\iPot\node_modules
532 silly vacuum-fs quitting because other entries in C:\Users\IKAP\Documents\GitHub\iPot\node_modules
533 silly vacuum-fs quitting because other entries in C:\Users\IKAP\Documents\GitHub\iPot\node_modules
534 silly vacuum-fs quitting because other entries in C:\Users\IKAP\Documents\GitHub\iPot\node_modules
535 silly vacuum-fs quitting because other entries in C:\Users\IKAP\Documents\GitHub\iPot\node_modules
536 silly vacuum-fs quitting because other entries in C:\Users\IKAP\Documents\GitHub\iPot\node_modules
537 silly vacuum-fs quitting because other entries in C:\Users\IKAP\Documents\GitHub\iPot\node_modules
538 silly vacuum-fs quitting because other entries in C:\Users\IKAP\Documents\GitHub\iPot\node_modules
539 silly vacuum-fs quitting because other entries in C:\Users\IKAP\Documents\GitHub\iPot\node_modules
540 silly vacuum-fs quitting because other entries in C:\Users\IKAP\Documents\GitHub\iPot\node_modules
541 silly vacuum-fs quitting because other entries in C:\Users\IKAP\Documents\GitHub\iPot\node_modules
542 silly vacuum-fs quitting because other entries in C:\Users\IKAP\Documents\GitHub\iPot\node_modules
543 silly vacuum-fs quitting because other entries in C:\Users\IKAP\Documents\GitHub\iPot\node_modules
544 silly vacuum-fs quitting because other entries in C:\Users\IKAP\Documents\GitHub\iPot\node_modules
545 silly vacuum-fs quitting because other entries in C:\Users\IKAP\Documents\GitHub\iPot\node_modules
546 silly vacuum-fs quitting because other entries in C:\Users\IKAP\Documents\GitHub\iPot\node_modules
547 silly vacuum-fs quitting because other entries in C:\Users\IKAP\Documents\GitHub\iPot\node_modules
548 silly vacuum-fs quitting because other entries in C:\Users\IKAP\Documents\GitHub\iPot\node_modules
549 silly vacuum-fs quitting because other entries in C:\Users\IKAP\Documents\GitHub\iPot\node_modules
550 silly vacuum-fs quitting because other entries in C:\Users\IKAP\Documents\GitHub\iPot\node_modules
551 silly vacuum-fs quitting because other entries in C:\Users\IKAP\Documents\GitHub\iPot\node_modules
552 silly vacuum-fs quitting because other entries in C:\Users\IKAP\Documents\GitHub\iPot\node_modules
553 silly vacuum-fs quitting because other entries in C:\Users\IKAP\Documents\GitHub\iPot\node_modules
554 silly rollbackFailedOptional Finishing
555 silly runTopLevelLifecycles Finishing
556 silly install printInstalled
557 warn ipot@1.0.0 No repository field.
558 verbose If you need help, you may report this error at:
558 verbose     <https://github.com/npm/npm/issues>
559 verbose stack Error: rpio@0.9.19 install: `node-gyp rebuild`
559 verbose stack Exit status 1
559 verbose stack     at EventEmitter.<anonymous> (C:\Program Files\nodejs\node_modules\npm\lib\utils\lifecycle.js:279:16)
559 verbose stack     at emitTwo (events.js:106:13)
559 verbose stack     at EventEmitter.emit (events.js:192:7)
559 verbose stack     at ChildProcess.<anonymous> (C:\Program Files\nodejs\node_modules\npm\lib\utils\spawn.js:40:14)
559 verbose stack     at emitTwo (events.js:106:13)
559 verbose stack     at ChildProcess.emit (events.js:192:7)
559 verbose stack     at maybeClose (internal/child_process.js:890:16)
559 verbose stack     at Process.ChildProcess._handle.onexit (internal/child_process.js:226:5)
560 verbose pkgid rpio@0.9.19
561 verbose cwd C:\Users\IKAP\Documents\GitHub\iPot
562 error Windows_NT 6.1.7601
563 error argv "C:\\Program Files\\nodejs\\node.exe" "C:\\Program Files\\nodejs\\node_modules\\npm\\bin\\npm-cli.js" "install" "rpio"
564 error node v7.6.0
565 error npm  v4.1.2
566 error code ELIFECYCLE
567 error rpio@0.9.19 install: `node-gyp rebuild`
567 error Exit status 1
568 error Failed at the rpio@0.9.19 install script 'node-gyp rebuild'.
568 error Make sure you have the latest version of node.js and npm installed.
568 error If you do, this is most likely a problem with the rpio package,
568 error not with npm itself.
568 error Tell the author that this fails on your system:
568 error     node-gyp rebuild
568 error You can get information on how to open an issue for this project with:
568 error     npm bugs rpio
568 error Or if that isn't available, you can get their info via:
568 error     npm owner ls rpio
568 error There is likely additional logging output above.
569 verbose exit [ 1, true ]
